c[?7l[2J[0mSeaBIOS (version rel-1.13.0-0-gf21b5a4aeb02-prebuilt.qemu.org)


iPXE (http://ipxe.org) 00:03.0 CA00 PCI2.10 PnP PMM+07F908D0+07EF08D0 CA00
Press Ctrl-B to configure iPXE (PCI 00:03.0)...                                                                               


Booting from Hard Disk..(THU.CST) os is loading ...

Special kernel symbols:
  entry  0x00100000 (phys)
  etext  0x00103657 (phys)
  edata  0x0010ea16 (phys)
  end    0x0010fd40 (phys)
Kernel executable memory footprint: 64KB
ebp:0x00007b28 eip:0x00100a74 args:0x00010094 0x00010094 0x00007b58 0x00100097
    kern/debug/kdebug.c:307: print_stackframe+23
ebp:0x00007b38 eip:0x00100d32 args:0x00000000 0x00000000 0x00000000 0x00007ba8
    kern/debug/kmonitor.c:126: mon_backtrace+11
ebp:0x00007b58 eip:0x00100097 args:0x00000000 0x00007b80 0xffff0000 0x00007b84
    kern/init/init.c:49: grade_backtrace2+34
ebp:0x00007b78 eip:0x001000c1 args:0x00000000 0xffff0000 0x00007ba4 0x00000029
    kern/init/init.c:54: grade_backtrace1+39
ebp:0x00007b98 eip:0x001000e0 args:0x00000000 0x00100000 0xffff0000 0x0000001d
    kern/init/init.c:59: grade_backtrace0+24
ebp:0x00007bb8 eip:0x00100106 args:0x0010367c 0x00103660 0x0000132a 0x00000000
    kern/init/init.c:64: grade_backtrace+35
ebp:0x00007be8 eip:0x00100055 args:0x00000000 0x00000000 0x00000000 0x00007c4f
    kern/init/init.c:30: kern_init+85
ebp:0x00007bf8 eip:0x00007d72 args:0xc031fcfa 0xc08ed88e 0x64e4d08e 0xfa7502a8
    <unknow>: -- 0x00007d72 --
++ setup timer interrupts
0: @ring 0
0:  cs = 8
0:  ds = 10
0:  es = 10
0:  ss = 10
+++ switch to  user  mode +++
1: @ring 3
1:  cs = 1b
1:  ds = 23
1:  es = 23
1:  ss = 23
+++ switch to kernel mode +++
2: @ring 0
2:  cs 100 ticks
End of Test.
kernel panic at kern/trap/trap.c:18:
    EOT: kernel seems ok.
stack trackback:
ebp:0x0000795c eip:0x00100a74 args:0x00103728 0x000079a0 0x00000012 0x00103806
    kern/debug/kdebug.c:307: print_stackframe+23
ebp:0x0000798c eip:0x0010042b args:0x00103a0e 0x00000012 0x001039f8 0x03f83206
    kern/debug/panic.c:27: __panic+104
ebp:0x000079ac eip:0x00101821 args:0x00000032 0x000079d8 0x001015ac 0x00000032
    kern/trap/trap.c:38: idt_init+0
ebp:0x000079dc eip:0x00101e72 args:0x00007a08 0x00000000 0x000079f8 0x001012bb
    kern/trap/trap.c:174: trap_dispatch+135
ebp:0x000079fc eip:0x00101f6c args:0x00007a08 0x00000000 0x00010094 0x00007a6c
    kern/trap/trap.c:0: trap+17
ebp:0x00007a6c eip:0x001029f7 args:0x0000003d 0x00007a98 0x00101596 0x0000003d
    kern/trap/trapentry.S:33: <unknown>+0
ebp:0x00007a78 eip:0x0010103e args:0x0000003d 0x03fd6094 0x00000002 0x00000000
    kern/driver/console.c:145: lpt_putc+23
ebp:0x00007a98 eip:0x00101596 args:0x0000003d 0x00000000 0x00000000 0x00000000
    kern/driver/console.c:438: cons_putc+17
ebp:0x00007ab8 eip:0x00100229 args:0x0000003d 0x00007b2c 0x00000002 0x00000000
    kern/libs/stdio.c:14: cputch+17
ebp:0x00007b08 eip:0x001031d1 args:0x00100218 0x00007b2c 0x00103698 0x00007b78
    libs/printfmt.c:124: vprintfmt+33
ebp:0x00007b38 eip:0x00100267 args:0x0010368f 0x00007b74 0x00103707 0x00007ba4
    kern/libs/stdio.c:30: vcprintf+46
ebp:0x00007b68 eip:0x0010028a args:0x0010368f 0x00000002 0x00000008 0x00000078
    kern/libs/stdio.c:44: cprintf+30
ebp:0x00007b98 eip:0x0010015c args:0x001036e8 0x00433400 0x00409c00 0x00402e1d
    kern/init/init.c:78: lab1_print_cur_status+83
ebp:0x00007bb8 eip:0x00100215 args:0x0010367c 0x00103660 0x0000132a 0x00000000
    kern/init/init.c:0: lab1_switch_test+55
ebp:0x00007be8 eip:0x00100073 args:0x00000000 0x00000000 0x00000000 0x00007c4f
    kern/init/init.c:0: kern_init+115
ebp:0x00007bf8 eip:0x00007d72 args:0xc031fcfa 0xc08ed88e 0x64e4d08e 0xfa7502a8
    <unknow>: -- 0x00007d72 --
Welcome to the kernel debug monitor!!
Type 'help' for a list of commands.
K> 